<?xml version="1.0" encoding="UTF-8"?>
<testng-results skipped="0" failed="7" total="12" passed="5">
  <reporter-output>
  </reporter-output>
  <suite name="Suite" duration-ms="1045557" started-at="2019-03-24T15:41:28Z" finished-at="2019-03-24T15:58:53Z">
    <groups>
    </groups>
    <test name="Test" duration-ms="1045557" started-at="2019-03-24T15:41:28Z" finished-at="2019-03-24T15:58:53Z">
      <class name="EncorDashboard.TestScripts.UserAccess">
        <test-method status="PASS" signature="setUp()[pri:0, instance:EncorDashboard.TestScripts.UserAccess@7ca48474]" name="setUp" is-config="true" duration-ms="47259" started-at="2019-03-24T21:11:28Z" finished-at="2019-03-24T21:12:15Z">
          <reporter-output>
          </reporter-output>
        </test-method> <!-- setUp -->
        <test-method status="PASS" signature="UserAccess()[pri:0, instance:EncorDashboard.TestScripts.UserAccess@7ca48474]" name="UserAccess" duration-ms="16626" started-at="2019-03-24T21:12:15Z" finished-at="2019-03-24T21:12:32Z">
          <reporter-output>
          </reporter-output>
        </test-method> <!-- UserAccess -->
        <test-method status="PASS" signature="tearDown()[pri:0, instance:EncorDashboard.TestScripts.UserAccess@7ca48474]" name="tearDown" is-config="true" duration-ms="636" started-at="2019-03-24T21:12:32Z" finished-at="2019-03-24T21:12:32Z">
          <reporter-output>
          </reporter-output>
        </test-method> <!-- tearDown -->
      </class> <!-- EncorDashboard.TestScripts.UserAccess -->
      <class name="EncorDashboard.TestScripts.SetDashboardData">
        <test-method status="PASS" signature="setUp()[pri:0, instance:EncorDashboard.TestScripts.SetDashboardData@6276ae34]" name="setUp" is-config="true" duration-ms="21166" started-at="2019-03-24T21:23:21Z" finished-at="2019-03-24T21:23:42Z">
          <reporter-output>
          </reporter-output>
        </test-method> <!-- setUp -->
        <test-method status="PASS" signature="UserAccess()[pri:0, instance:EncorDashboard.TestScripts.SetDashboardData@6276ae34]" name="UserAccess" duration-ms="101067" started-at="2019-03-24T21:23:42Z" finished-at="2019-03-24T21:25:23Z">
          <reporter-output>
          </reporter-output>
        </test-method> <!-- UserAccess -->
        <test-method status="PASS" signature="tearDown()[pri:0, instance:EncorDashboard.TestScripts.SetDashboardData@6276ae34]" name="tearDown" is-config="true" duration-ms="632" started-at="2019-03-24T21:25:23Z" finished-at="2019-03-24T21:25:24Z">
          <reporter-output>
          </reporter-output>
        </test-method> <!-- tearDown -->
      </class> <!-- EncorDashboard.TestScripts.SetDashboardData -->
      <class name="EncorDashboard.TestScripts.UserAdministration">
        <test-method status="PASS" signature="setUp()[pri:0, instance:EncorDashboard.TestScripts.UserAdministration@61a485d2]" name="setUp" is-config="true" duration-ms="27037" started-at="2019-03-24T21:19:30Z" finished-at="2019-03-24T21:19:57Z">
          <reporter-output>
          </reporter-output>
        </test-method> <!-- setUp -->
        <test-method status="PASS" signature="UserAdministration()[pri:0, instance:EncorDashboard.TestScripts.UserAdministration@61a485d2]" name="UserAdministration" duration-ms="41029" started-at="2019-03-24T21:19:57Z" finished-at="2019-03-24T21:20:38Z">
          <reporter-output>
          </reporter-output>
        </test-method> <!-- UserAdministration -->
        <test-method status="PASS" signature="tearDown()[pri:0, instance:EncorDashboard.TestScripts.UserAdministration@61a485d2]" name="tearDown" is-config="true" duration-ms="630" started-at="2019-03-24T21:20:38Z" finished-at="2019-03-24T21:20:39Z">
          <reporter-output>
          </reporter-output>
        </test-method> <!-- tearDown -->
      </class> <!-- EncorDashboard.TestScripts.UserAdministration -->
      <class name="EncorDashboard.TestScripts.SetResetDashboard">
        <test-method status="PASS" signature="setUp()[pri:0, instance:EncorDashboard.TestScripts.SetResetDashboard@39fb3ab6]" name="setUp" is-config="true" duration-ms="15765" started-at="2019-03-24T21:20:39Z" finished-at="2019-03-24T21:20:55Z">
          <reporter-output>
          </reporter-output>
        </test-method> <!-- setUp -->
        <test-method status="FAIL" signature="SetResetDashboard()[pri:0, instance:EncorDashboard.TestScripts.SetResetDashboard@39fb3ab6]" name="SetResetDashboard" duration-ms="145613" started-at="2019-03-24T21:20:55Z" finished-at="2019-03-24T21:23:20Z">
          <exception class="java.lang.AssertionError">
            <message>
              <![CDATA[expected [HAC(M) :: All Categories] but found [Electronic Dashboard(M) :: All Categories]]]>
            </message>
            <full-stacktrace>
              <![CDATA[java.lang.AssertionError: expected [HAC(M) :: All Categories] but found [Electronic Dashboard(M) :: All Categories]
	at org.testng.Assert.fail(Assert.java:94)
	at org.testng.Assert.failNotEquals(Assert.java:513)
	at org.testng.Assert.assertEqualsImpl(Assert.java:135)
	at org.testng.Assert.assertEquals(Assert.java:116)
	at org.testng.Assert.assertEquals(Assert.java:190)
	at org.testng.Assert.assertEquals(Assert.java:200)
	at EncorDashboard.TestScripts.SetResetDashboard.SetResetDashboard(SetResetDashboard.java:59)
	at sun.reflect.NativeMethodAccessorImpl.invoke0(Native Method)
	at sun.reflect.NativeMethodAccessorImpl.invoke(NativeMethodAccessorImpl.java:62)
	at sun.reflect.DelegatingMethodAccessorImpl.invoke(DelegatingMethodAccessorImpl.java:43)
	at java.lang.reflect.Method.invoke(Method.java:498)
	at org.testng.internal.MethodInvocationHelper.invokeMethod(MethodInvocationHelper.java:86)
	at org.testng.internal.Invoker.invokeMethod(Invoker.java:643)
	at org.testng.internal.Invoker.invokeTestMethod(Invoker.java:820)
	at org.testng.internal.Invoker.invokeTestMethods(Invoker.java:1128)
	at org.testng.internal.TestMethodWorker.invokeTestMethods(TestMethodWorker.java:129)
	at org.testng.internal.TestMethodWorker.run(TestMethodWorker.java:112)
	at org.testng.TestRunner.privateRun(TestRunner.java:782)
	at org.testng.TestRunner.run(TestRunner.java:632)
	at org.testng.SuiteRunner.runTest(SuiteRunner.java:366)
	at org.testng.SuiteRunner.runSequentially(SuiteRunner.java:361)
	at org.testng.SuiteRunner.privateRun(SuiteRunner.java:319)
	at org.testng.SuiteRunner.run(SuiteRunner.java:268)
	at org.testng.SuiteRunnerWorker.runSuite(SuiteRunnerWorker.java:52)
	at org.testng.SuiteRunnerWorker.run(SuiteRunnerWorker.java:86)
	at org.testng.TestNG.runSuitesSequentially(TestNG.java:1244)
	at org.testng.TestNG.runSuitesLocally(TestNG.java:1169)
	at org.testng.TestNG.run(TestNG.java:1064)
	at org.apache.maven.surefire.testng.TestNGExecutor.run(TestNGExecutor.java:283)
	at org.apache.maven.surefire.testng.TestNGXmlTestSuite.execute(TestNGXmlTestSuite.java:75)
	at org.apache.maven.surefire.testng.TestNGProvider.invoke(TestNGProvider.java:120)
	at org.apache.maven.surefire.booter.ForkedBooter.invokeProviderInSameClassLoader(ForkedBooter.java:384)
	at org.apache.maven.surefire.booter.ForkedBooter.runSuitesInProcess(ForkedBooter.java:345)
	at org.apache.maven.surefire.booter.ForkedBooter.execute(ForkedBooter.java:126)
	at org.apache.maven.surefire.booter.ForkedBooter.main(ForkedBooter.java:418)
]]>
            </full-stacktrace>
          </exception> <!-- java.lang.AssertionError -->
          <reporter-output>
          </reporter-output>
        </test-method> <!-- SetResetDashboard -->
        <test-method status="PASS" signature="tearDown()[pri:0, instance:EncorDashboard.TestScripts.SetResetDashboard@39fb3ab6]" name="tearDown" is-config="true" duration-ms="667" started-at="2019-03-24T21:23:20Z" finished-at="2019-03-24T21:23:21Z">
          <reporter-output>
          </reporter-output>
        </test-method> <!-- tearDown -->
      </class> <!-- EncorDashboard.TestScripts.SetResetDashboard -->
      <class name="EncorDashboard.TestScripts.ExportFile">
        <test-method status="PASS" signature="setUp()[pri:0, instance:EncorDashboard.TestScripts.ExportFile@3c09711b]" name="setUp" is-config="true" duration-ms="25229" started-at="2019-03-24T21:27:12Z" finished-at="2019-03-24T21:27:38Z">
          <reporter-output>
          </reporter-output>
        </test-method> <!-- setUp -->
        <test-method status="FAIL" signature="ExportDashboard()[pri:0, instance:EncorDashboard.TestScripts.ExportFile@3c09711b]" name="ExportDashboard" duration-ms="75137" started-at="2019-03-24T21:27:38Z" finished-at="2019-03-24T21:28:53Z">
          <exception class="java.lang.AssertionError">
            <message>
              <![CDATA[expected [HAC(M) :: All Categories] but found [Electronic Dashboard(M) :: All Categories]]]>
            </message>
            <full-stacktrace>
              <![CDATA[java.lang.AssertionError: expected [HAC(M) :: All Categories] but found [Electronic Dashboard(M) :: All Categories]
	at org.testng.Assert.fail(Assert.java:94)
	at org.testng.Assert.failNotEquals(Assert.java:513)
	at org.testng.Assert.assertEqualsImpl(Assert.java:135)
	at org.testng.Assert.assertEquals(Assert.java:116)
	at org.testng.Assert.assertEquals(Assert.java:190)
	at org.testng.Assert.assertEquals(Assert.java:200)
	at EncorDashboard.TestScripts.ExportFile.ExportDashboard(ExportFile.java:57)
	at sun.reflect.NativeMethodAccessorImpl.invoke0(Native Method)
	at sun.reflect.NativeMethodAccessorImpl.invoke(NativeMethodAccessorImpl.java:62)
	at sun.reflect.DelegatingMethodAccessorImpl.invoke(DelegatingMethodAccessorImpl.java:43)
	at java.lang.reflect.Method.invoke(Method.java:498)
	at org.testng.internal.MethodInvocationHelper.invokeMethod(MethodInvocationHelper.java:86)
	at org.testng.internal.Invoker.invokeMethod(Invoker.java:643)
	at org.testng.internal.Invoker.invokeTestMethod(Invoker.java:820)
	at org.testng.internal.Invoker.invokeTestMethods(Invoker.java:1128)
	at org.testng.internal.TestMethodWorker.invokeTestMethods(TestMethodWorker.java:129)
	at org.testng.internal.TestMethodWorker.run(TestMethodWorker.java:112)
	at org.testng.TestRunner.privateRun(TestRunner.java:782)
	at org.testng.TestRunner.run(TestRunner.java:632)
	at org.testng.SuiteRunner.runTest(SuiteRunner.java:366)
	at org.testng.SuiteRunner.runSequentially(SuiteRunner.java:361)
	at org.testng.SuiteRunner.privateRun(SuiteRunner.java:319)
	at org.testng.SuiteRunner.run(SuiteRunner.java:268)
	at org.testng.SuiteRunnerWorker.runSuite(SuiteRunnerWorker.java:52)
	at org.testng.SuiteRunnerWorker.run(SuiteRunnerWorker.java:86)
	at org.testng.TestNG.runSuitesSequentially(TestNG.java:1244)
	at org.testng.TestNG.runSuitesLocally(TestNG.java:1169)
	at org.testng.TestNG.run(TestNG.java:1064)
	at org.apache.maven.surefire.testng.TestNGExecutor.run(TestNGExecutor.java:283)
	at org.apache.maven.surefire.testng.TestNGXmlTestSuite.execute(TestNGXmlTestSuite.java:75)
	at org.apache.maven.surefire.testng.TestNGProvider.invoke(TestNGProvider.java:120)
	at org.apache.maven.surefire.booter.ForkedBooter.invokeProviderInSameClassLoader(ForkedBooter.java:384)
	at org.apache.maven.surefire.booter.ForkedBooter.runSuitesInProcess(ForkedBooter.java:345)
	at org.apache.maven.surefire.booter.ForkedBooter.execute(ForkedBooter.java:126)
	at org.apache.maven.surefire.booter.ForkedBooter.main(ForkedBooter.java:418)
]]>
            </full-stacktrace>
          </exception> <!-- java.lang.AssertionError -->
          <reporter-output>
          </reporter-output>
        </test-method> <!-- ExportDashboard -->
        <test-method status="PASS" signature="tearDown()[pri:0, instance:EncorDashboard.TestScripts.ExportFile@3c09711b]" name="tearDown" is-config="true" duration-ms="604" started-at="2019-03-24T21:28:53Z" finished-at="2019-03-24T21:28:53Z">
          <reporter-output>
          </reporter-output>
        </test-method> <!-- tearDown -->
      </class> <!-- EncorDashboard.TestScripts.ExportFile -->
      <class name="EncorDashboard.TestScripts.SaveCurrentView">
        <test-method status="PASS" signature="setUp()[pri:0, instance:EncorDashboard.TestScripts.SaveCurrentView@7946e1f4]" name="setUp" is-config="true" duration-ms="17578" started-at="2019-03-24T21:25:24Z" finished-at="2019-03-24T21:25:41Z">
          <reporter-output>
          </reporter-output>
        </test-method> <!-- setUp -->
        <test-method status="PASS" signature="SaveView()[pri:0, instance:EncorDashboard.TestScripts.SaveCurrentView@7946e1f4]" name="SaveView" duration-ms="90365" started-at="2019-03-24T21:25:41Z" finished-at="2019-03-24T21:27:12Z">
          <reporter-output>
          </reporter-output>
        </test-method> <!-- SaveView -->
        <test-method status="PASS" signature="tearDown()[pri:0, instance:EncorDashboard.TestScripts.SaveCurrentView@7946e1f4]" name="tearDown" is-config="true" duration-ms="612" started-at="2019-03-24T21:27:12Z" finished-at="2019-03-24T21:27:12Z">
          <reporter-output>
          </reporter-output>
        </test-method> <!-- tearDown -->
      </class> <!-- EncorDashboard.TestScripts.SaveCurrentView -->
      <class name="EncorDashboard.TestScripts.ChangeDashboard">
        <test-method status="PASS" signature="setUp()[pri:0, instance:EncorDashboard.TestScripts.ChangeDashboard@337d0578]" name="setUp" is-config="true" duration-ms="24493" started-at="2019-03-24T21:12:32Z" finished-at="2019-03-24T21:12:57Z">
          <reporter-output>
          </reporter-output>
        </test-method> <!-- setUp -->
        <test-method status="PASS" signature="ChangeDashboard()[pri:0, instance:EncorDashboard.TestScripts.ChangeDashboard@337d0578]" name="ChangeDashboard" duration-ms="97590" started-at="2019-03-24T21:12:57Z" finished-at="2019-03-24T21:14:34Z">
          <reporter-output>
          </reporter-output>
        </test-method> <!-- ChangeDashboard -->
        <test-method status="PASS" signature="tearDown()[pri:0, instance:EncorDashboard.TestScripts.ChangeDashboard@337d0578]" name="tearDown" is-config="true" duration-ms="628" started-at="2019-03-24T21:14:34Z" finished-at="2019-03-24T21:14:35Z">
          <reporter-output>
          </reporter-output>
        </test-method> <!-- tearDown -->
      </class> <!-- EncorDashboard.TestScripts.ChangeDashboard -->
      <class name="EncorDashboard.TestScripts.AddDashboard">
        <test-method status="PASS" signature="setUp()[pri:0, instance:EncorDashboard.TestScripts.AddDashboard@59e84876]" name="setUp" is-config="true" duration-ms="21061" started-at="2019-03-24T21:14:35Z" finished-at="2019-03-24T21:14:56Z">
          <reporter-output>
          </reporter-output>
        </test-method> <!-- setUp -->
        <test-method status="FAIL" signature="AddDashboard(java.lang.String, java.lang.String, java.lang.String, java.lang.String, java.lang.String, java.lang.String, java.lang.String)[pri:0, instance:EncorDashboard.TestScripts.AddDashboard@59e84876]" name="AddDashboard" duration-ms="33476" started-at="2019-03-24T21:14:56Z" data-provider="IndicatorDashboard" finished-at="2019-03-24T21:15:30Z">
          <params>
            <param index="0">
              <value>
                <![CDATA[Dashboard1]]>
              </value>
            </param>
            <param index="1">
              <value>
                <![CDATA[Clinical Dashboard]]>
              </value>
            </param>
            <param index="2">
              <value>
                <![CDATA[Monthly Scorecard]]>
              </value>
            </param>
            <param index="3">
              <value>
                <![CDATA[Calendar Year]]>
              </value>
            </param>
            <param index="4">
              <value>
                <![CDATA[Y]]>
              </value>
            </param>
            <param index="5">
              <value>
                <![CDATA[Abdominal Aortic Aneurysm(AAA) Repair Mortality Rate (IQI 11)]]>
              </value>
            </param>
            <param index="6">
              <value>
                <![CDATA[N]]>
              </value>
            </param>
          </params>
          <exception class="java.lang.AssertionError">
            <message>
              <![CDATA[expected [Manage Dashboard] but found [Add/Edit Dashboard]]]>
            </message>
            <full-stacktrace>
              <![CDATA[java.lang.AssertionError: expected [Manage Dashboard] but found [Add/Edit Dashboard]
	at org.testng.Assert.fail(Assert.java:94)
	at org.testng.Assert.failNotEquals(Assert.java:513)
	at org.testng.Assert.assertEqualsImpl(Assert.java:135)
	at org.testng.Assert.assertEquals(Assert.java:116)
	at org.testng.Assert.assertEquals(Assert.java:190)
	at org.testng.Assert.assertEquals(Assert.java:200)
	at EncorDashboard.TestScripts.AddDashboard.AddDashboard(AddDashboard.java:71)
	at sun.reflect.NativeMethodAccessorImpl.invoke0(Native Method)
	at sun.reflect.NativeMethodAccessorImpl.invoke(NativeMethodAccessorImpl.java:62)
	at sun.reflect.DelegatingMethodAccessorImpl.invoke(DelegatingMethodAccessorImpl.java:43)
	at java.lang.reflect.Method.invoke(Method.java:498)
	at org.testng.internal.MethodInvocationHelper.invokeMethod(MethodInvocationHelper.java:86)
	at org.testng.internal.Invoker.invokeMethod(Invoker.java:643)
	at org.testng.internal.Invoker.invokeTestMethod(Invoker.java:820)
	at org.testng.internal.Invoker.invokeTestMethods(Invoker.java:1128)
	at org.testng.internal.TestMethodWorker.invokeTestMethods(TestMethodWorker.java:129)
	at org.testng.internal.TestMethodWorker.run(TestMethodWorker.java:112)
	at org.testng.TestRunner.privateRun(TestRunner.java:782)
	at org.testng.TestRunner.run(TestRunner.java:632)
	at org.testng.SuiteRunner.runTest(SuiteRunner.java:366)
	at org.testng.SuiteRunner.runSequentially(SuiteRunner.java:361)
	at org.testng.SuiteRunner.privateRun(SuiteRunner.java:319)
	at org.testng.SuiteRunner.run(SuiteRunner.java:268)
	at org.testng.SuiteRunnerWorker.runSuite(SuiteRunnerWorker.java:52)
	at org.testng.SuiteRunnerWorker.run(SuiteRunnerWorker.java:86)
	at org.testng.TestNG.runSuitesSequentially(TestNG.java:1244)
	at org.testng.TestNG.runSuitesLocally(TestNG.java:1169)
	at org.testng.TestNG.run(TestNG.java:1064)
	at org.apache.maven.surefire.testng.TestNGExecutor.run(TestNGExecutor.java:283)
	at org.apache.maven.surefire.testng.TestNGXmlTestSuite.execute(TestNGXmlTestSuite.java:75)
	at org.apache.maven.surefire.testng.TestNGProvider.invoke(TestNGProvider.java:120)
	at org.apache.maven.surefire.booter.ForkedBooter.invokeProviderInSameClassLoader(ForkedBooter.java:384)
	at org.apache.maven.surefire.booter.ForkedBooter.runSuitesInProcess(ForkedBooter.java:345)
	at org.apache.maven.surefire.booter.ForkedBooter.execute(ForkedBooter.java:126)
	at org.apache.maven.surefire.booter.ForkedBooter.main(ForkedBooter.java:418)
]]>
            </full-stacktrace>
          </exception> <!-- java.lang.AssertionError -->
          <reporter-output>
          </reporter-output>
        </test-method> <!-- AddDashboard -->
        <test-method status="PASS" signature="tearDown()[pri:0, instance:EncorDashboard.TestScripts.AddDashboard@59e84876]" name="tearDown" is-config="true" duration-ms="609" started-at="2019-03-24T21:15:30Z" finished-at="2019-03-24T21:15:31Z">
          <reporter-output>
          </reporter-output>
        </test-method> <!-- tearDown -->
        <test-method status="PASS" signature="setUp()[pri:0, instance:EncorDashboard.TestScripts.AddDashboard@59e84876]" name="setUp" is-config="true" duration-ms="31443" started-at="2019-03-24T21:15:31Z" finished-at="2019-03-24T21:16:02Z">
          <reporter-output>
          </reporter-output>
        </test-method> <!-- setUp -->
        <test-method status="FAIL" signature="AddDashboard(java.lang.String, java.lang.String, java.lang.String, java.lang.String, java.lang.String, java.lang.String, java.lang.String)[pri:0, instance:EncorDashboard.TestScripts.AddDashboard@59e84876]" name="AddDashboard" duration-ms="37503" started-at="2019-03-24T21:16:02Z" data-provider="IndicatorDashboard" finished-at="2019-03-24T21:16:39Z">
          <params>
            <param index="0">
              <value>
                <![CDATA[Dashboard2]]>
              </value>
            </param>
            <param index="1">
              <value>
                <![CDATA[Clinical Dashboard]]>
              </value>
            </param>
            <param index="2">
              <value>
                <![CDATA[Monthly Scorecard]]>
              </value>
            </param>
            <param index="3">
              <value>
                <![CDATA[Calendar Year]]>
              </value>
            </param>
            <param index="4">
              <value>
                <![CDATA[Y]]>
              </value>
            </param>
            <param index="5">
              <value>
                <![CDATA[Aspirin at Arrival (AMI-1)]]>
              </value>
            </param>
            <param index="6">
              <value>
                <![CDATA[N]]>
              </value>
            </param>
          </params>
          <exception class="java.lang.AssertionError">
            <message>
              <![CDATA[expected [Manage Dashboard] but found [Add/Edit Dashboard]]]>
            </message>
            <full-stacktrace>
              <![CDATA[java.lang.AssertionError: expected [Manage Dashboard] but found [Add/Edit Dashboard]
	at org.testng.Assert.fail(Assert.java:94)
	at org.testng.Assert.failNotEquals(Assert.java:513)
	at org.testng.Assert.assertEqualsImpl(Assert.java:135)
	at org.testng.Assert.assertEquals(Assert.java:116)
	at org.testng.Assert.assertEquals(Assert.java:190)
	at org.testng.Assert.assertEquals(Assert.java:200)
	at EncorDashboard.TestScripts.AddDashboard.AddDashboard(AddDashboard.java:71)
	at sun.reflect.NativeMethodAccessorImpl.invoke0(Native Method)
	at sun.reflect.NativeMethodAccessorImpl.invoke(NativeMethodAccessorImpl.java:62)
	at sun.reflect.DelegatingMethodAccessorImpl.invoke(DelegatingMethodAccessorImpl.java:43)
	at java.lang.reflect.Method.invoke(Method.java:498)
	at org.testng.internal.MethodInvocationHelper.invokeMethod(MethodInvocationHelper.java:86)
	at org.testng.internal.Invoker.invokeMethod(Invoker.java:643)
	at org.testng.internal.Invoker.invokeTestMethod(Invoker.java:820)
	at org.testng.internal.Invoker.invokeTestMethods(Invoker.java:1128)
	at org.testng.internal.TestMethodWorker.invokeTestMethods(TestMethodWorker.java:129)
	at org.testng.internal.TestMethodWorker.run(TestMethodWorker.java:112)
	at org.testng.TestRunner.privateRun(TestRunner.java:782)
	at org.testng.TestRunner.run(TestRunner.java:632)
	at org.testng.SuiteRunner.runTest(SuiteRunner.java:366)
	at org.testng.SuiteRunner.runSequentially(SuiteRunner.java:361)
	at org.testng.SuiteRunner.privateRun(SuiteRunner.java:319)
	at org.testng.SuiteRunner.run(SuiteRunner.java:268)
	at org.testng.SuiteRunnerWorker.runSuite(SuiteRunnerWorker.java:52)
	at org.testng.SuiteRunnerWorker.run(SuiteRunnerWorker.java:86)
	at org.testng.TestNG.runSuitesSequentially(TestNG.java:1244)
	at org.testng.TestNG.runSuitesLocally(TestNG.java:1169)
	at org.testng.TestNG.run(TestNG.java:1064)
	at org.apache.maven.surefire.testng.TestNGExecutor.run(TestNGExecutor.java:283)
	at org.apache.maven.surefire.testng.TestNGXmlTestSuite.execute(TestNGXmlTestSuite.java:75)
	at org.apache.maven.surefire.testng.TestNGProvider.invoke(TestNGProvider.java:120)
	at org.apache.maven.surefire.booter.ForkedBooter.invokeProviderInSameClassLoader(ForkedBooter.java:384)
	at org.apache.maven.surefire.booter.ForkedBooter.runSuitesInProcess(ForkedBooter.java:345)
	at org.apache.maven.surefire.booter.ForkedBooter.execute(ForkedBooter.java:126)
	at org.apache.maven.surefire.booter.ForkedBooter.main(ForkedBooter.java:418)
]]>
            </full-stacktrace>
          </exception> <!-- java.lang.AssertionError -->
          <reporter-output>
          </reporter-output>
        </test-method> <!-- AddDashboard -->
        <test-method status="PASS" signature="tearDown()[pri:0, instance:EncorDashboard.TestScripts.AddDashboard@59e84876]" name="tearDown" is-config="true" duration-ms="640" started-at="2019-03-24T21:16:39Z" finished-at="2019-03-24T21:16:40Z">
          <reporter-output>
          </reporter-output>
        </test-method> <!-- tearDown -->
        <test-method status="PASS" signature="setUp()[pri:0, instance:EncorDashboard.TestScripts.AddDashboard@59e84876]" name="setUp" is-config="true" duration-ms="30240" started-at="2019-03-24T21:16:40Z" finished-at="2019-03-24T21:17:10Z">
          <reporter-output>
          </reporter-output>
        </test-method> <!-- setUp -->
        <test-method status="FAIL" signature="AddDashboard(java.lang.String, java.lang.String, java.lang.String, java.lang.String, java.lang.String, java.lang.String, java.lang.String)[pri:0, instance:EncorDashboard.TestScripts.AddDashboard@59e84876]" name="AddDashboard" duration-ms="27222" started-at="2019-03-24T21:17:10Z" data-provider="IndicatorDashboard" finished-at="2019-03-24T21:17:38Z">
          <params>
            <param index="0">
              <value>
                <![CDATA[Dashboard3]]>
              </value>
            </param>
            <param index="1">
              <value>
                <![CDATA[Clinical Dashboard]]>
              </value>
            </param>
            <param index="2">
              <value>
                <![CDATA[Monthly Scorecard]]>
              </value>
            </param>
            <param index="3">
              <value>
                <![CDATA[Calendar Year]]>
              </value>
            </param>
            <param index="4">
              <value>
                <![CDATA[Y]]>
              </value>
            </param>
            <param index="5">
              <value>
                <![CDATA[Abdominal Aortic Aneurysm(AAA) Repair Mortality Rate (IQI 11)]]>
              </value>
            </param>
            <param index="6">
              <value>
                <![CDATA[N]]>
              </value>
            </param>
          </params>
          <exception class="java.io.IOException">
            <message>
              <![CDATA[Destination 'D:\' directory cannot be created]]>
            </message>
            <full-stacktrace>
              <![CDATA[java.io.IOException: Destination 'D:\' directory cannot be created
	at org.apache.commons.io.FileUtils.copyFile(FileUtils.java:1070)
	at org.apache.commons.io.FileUtils.copyFile(FileUtils.java:1028)
	at EncorDashboard.GlobalLibrary.GenericFunction.getScreenShot(GenericFunction.java:131)
	at EncorDashboard.TestScripts.AddDashboard.AddDashboard(AddDashboard.java:76)
	at sun.reflect.NativeMethodAccessorImpl.invoke0(Native Method)
	at sun.reflect.NativeMethodAccessorImpl.invoke(NativeMethodAccessorImpl.java:62)
	at sun.reflect.DelegatingMethodAccessorImpl.invoke(DelegatingMethodAccessorImpl.java:43)
	at java.lang.reflect.Method.invoke(Method.java:498)
	at org.testng.internal.MethodInvocationHelper.invokeMethod(MethodInvocationHelper.java:86)
	at org.testng.internal.Invoker.invokeMethod(Invoker.java:643)
	at org.testng.internal.Invoker.invokeTestMethod(Invoker.java:820)
	at org.testng.internal.Invoker.invokeTestMethods(Invoker.java:1128)
	at org.testng.internal.TestMethodWorker.invokeTestMethods(TestMethodWorker.java:129)
	at org.testng.internal.TestMethodWorker.run(TestMethodWorker.java:112)
	at org.testng.TestRunner.privateRun(TestRunner.java:782)
	at org.testng.TestRunner.run(TestRunner.java:632)
	at org.testng.SuiteRunner.runTest(SuiteRunner.java:366)
	at org.testng.SuiteRunner.runSequentially(SuiteRunner.java:361)
	at org.testng.SuiteRunner.privateRun(SuiteRunner.java:319)
	at org.testng.SuiteRunner.run(SuiteRunner.java:268)
	at org.testng.SuiteRunnerWorker.runSuite(SuiteRunnerWorker.java:52)
	at org.testng.SuiteRunnerWorker.run(SuiteRunnerWorker.java:86)
	at org.testng.TestNG.runSuitesSequentially(TestNG.java:1244)
	at org.testng.TestNG.runSuitesLocally(TestNG.java:1169)
	at org.testng.TestNG.run(TestNG.java:1064)
	at org.apache.maven.surefire.testng.TestNGExecutor.run(TestNGExecutor.java:283)
	at org.apache.maven.surefire.testng.TestNGXmlTestSuite.execute(TestNGXmlTestSuite.java:75)
	at org.apache.maven.surefire.testng.TestNGProvider.invoke(TestNGProvider.java:120)
	at org.apache.maven.surefire.booter.ForkedBooter.invokeProviderInSameClassLoader(ForkedBooter.java:384)
	at org.apache.maven.surefire.booter.ForkedBooter.runSuitesInProcess(ForkedBooter.java:345)
	at org.apache.maven.surefire.booter.ForkedBooter.execute(ForkedBooter.java:126)
	at org.apache.maven.surefire.booter.ForkedBooter.main(ForkedBooter.java:418)
]]>
            </full-stacktrace>
          </exception> <!-- java.io.IOException -->
          <reporter-output>
          </reporter-output>
        </test-method> <!-- AddDashboard -->
        <test-method status="PASS" signature="tearDown()[pri:0, instance:EncorDashboard.TestScripts.AddDashboard@59e84876]" name="tearDown" is-config="true" duration-ms="855" started-at="2019-03-24T21:17:38Z" finished-at="2019-03-24T21:17:38Z">
          <reporter-output>
          </reporter-output>
        </test-method> <!-- tearDown -->
        <test-method status="PASS" signature="setUp()[pri:0, instance:EncorDashboard.TestScripts.AddDashboard@59e84876]" name="setUp" is-config="true" duration-ms="22454" started-at="2019-03-24T21:17:38Z" finished-at="2019-03-24T21:18:01Z">
          <reporter-output>
          </reporter-output>
        </test-method> <!-- setUp -->
        <test-method status="FAIL" signature="AddDashboard(java.lang.String, java.lang.String, java.lang.String, java.lang.String, java.lang.String, java.lang.String, java.lang.String)[pri:0, instance:EncorDashboard.TestScripts.AddDashboard@59e84876]" name="AddDashboard" duration-ms="33575" started-at="2019-03-24T21:18:01Z" data-provider="IndicatorDashboard" finished-at="2019-03-24T21:18:34Z">
          <params>
            <param index="0">
              <value>
                <![CDATA[Dashboard4]]>
              </value>
            </param>
            <param index="1">
              <value>
                <![CDATA[Clinical Dashboard]]>
              </value>
            </param>
            <param index="2">
              <value>
                <![CDATA[Monthly Scorecard]]>
              </value>
            </param>
            <param index="3">
              <value>
                <![CDATA[Calendar Year]]>
              </value>
            </param>
            <param index="4">
              <value>
                <![CDATA[Y]]>
              </value>
            </param>
            <param index="5">
              <value>
                <![CDATA[Abdominal Aortic Aneurysm(AAA) Repair Mortality Rate (IQI 11)]]>
              </value>
            </param>
            <param index="6">
              <value>
                <![CDATA[N]]>
              </value>
            </param>
          </params>
          <exception class="java.lang.AssertionError">
            <message>
              <![CDATA[expected [Manage Dashboard] but found [Add/Edit Dashboard]]]>
            </message>
            <full-stacktrace>
              <![CDATA[java.lang.AssertionError: expected [Manage Dashboard] but found [Add/Edit Dashboard]
	at org.testng.Assert.fail(Assert.java:94)
	at org.testng.Assert.failNotEquals(Assert.java:513)
	at org.testng.Assert.assertEqualsImpl(Assert.java:135)
	at org.testng.Assert.assertEquals(Assert.java:116)
	at org.testng.Assert.assertEquals(Assert.java:190)
	at org.testng.Assert.assertEquals(Assert.java:200)
	at EncorDashboard.TestScripts.AddDashboard.AddDashboard(AddDashboard.java:71)
	at sun.reflect.NativeMethodAccessorImpl.invoke0(Native Method)
	at sun.reflect.NativeMethodAccessorImpl.invoke(NativeMethodAccessorImpl.java:62)
	at sun.reflect.DelegatingMethodAccessorImpl.invoke(DelegatingMethodAccessorImpl.java:43)
	at java.lang.reflect.Method.invoke(Method.java:498)
	at org.testng.internal.MethodInvocationHelper.invokeMethod(MethodInvocationHelper.java:86)
	at org.testng.internal.Invoker.invokeMethod(Invoker.java:643)
	at org.testng.internal.Invoker.invokeTestMethod(Invoker.java:820)
	at org.testng.internal.Invoker.invokeTestMethods(Invoker.java:1128)
	at org.testng.internal.TestMethodWorker.invokeTestMethods(TestMethodWorker.java:129)
	at org.testng.internal.TestMethodWorker.run(TestMethodWorker.java:112)
	at org.testng.TestRunner.privateRun(TestRunner.java:782)
	at org.testng.TestRunner.run(TestRunner.java:632)
	at org.testng.SuiteRunner.runTest(SuiteRunner.java:366)
	at org.testng.SuiteRunner.runSequentially(SuiteRunner.java:361)
	at org.testng.SuiteRunner.privateRun(SuiteRunner.java:319)
	at org.testng.SuiteRunner.run(SuiteRunner.java:268)
	at org.testng.SuiteRunnerWorker.runSuite(SuiteRunnerWorker.java:52)
	at org.testng.SuiteRunnerWorker.run(SuiteRunnerWorker.java:86)
	at org.testng.TestNG.runSuitesSequentially(TestNG.java:1244)
	at org.testng.TestNG.runSuitesLocally(TestNG.java:1169)
	at org.testng.TestNG.run(TestNG.java:1064)
	at org.apache.maven.surefire.testng.TestNGExecutor.run(TestNGExecutor.java:283)
	at org.apache.maven.surefire.testng.TestNGXmlTestSuite.execute(TestNGXmlTestSuite.java:75)
	at org.apache.maven.surefire.testng.TestNGProvider.invoke(TestNGProvider.java:120)
	at org.apache.maven.surefire.booter.ForkedBooter.invokeProviderInSameClassLoader(ForkedBooter.java:384)
	at org.apache.maven.surefire.booter.ForkedBooter.runSuitesInProcess(ForkedBooter.java:345)
	at org.apache.maven.surefire.booter.ForkedBooter.execute(ForkedBooter.java:126)
	at org.apache.maven.surefire.booter.ForkedBooter.main(ForkedBooter.java:418)
]]>
            </full-stacktrace>
          </exception> <!-- java.lang.AssertionError -->
          <reporter-output>
          </reporter-output>
        </test-method> <!-- AddDashboard -->
        <test-method status="PASS" signature="tearDown()[pri:0, instance:EncorDashboard.TestScripts.AddDashboard@59e84876]" name="tearDown" is-config="true" duration-ms="629" started-at="2019-03-24T21:18:34Z" finished-at="2019-03-24T21:18:35Z">
          <reporter-output>
          </reporter-output>
        </test-method> <!-- tearDown -->
        <test-method status="PASS" signature="setUp()[pri:0, instance:EncorDashboard.TestScripts.AddDashboard@59e84876]" name="setUp" is-config="true" duration-ms="20580" started-at="2019-03-24T21:18:35Z" finished-at="2019-03-24T21:18:56Z">
          <reporter-output>
          </reporter-output>
        </test-method> <!-- setUp -->
        <test-method status="FAIL" signature="AddDashboard(java.lang.String, java.lang.String, java.lang.String, java.lang.String, java.lang.String, java.lang.String, java.lang.String)[pri:0, instance:EncorDashboard.TestScripts.AddDashboard@59e84876]" name="AddDashboard" duration-ms="33833" started-at="2019-03-24T21:18:56Z" data-provider="IndicatorDashboard" finished-at="2019-03-24T21:19:30Z">
          <params>
            <param index="0">
              <value>
                <![CDATA[Dashboard5]]>
              </value>
            </param>
            <param index="1">
              <value>
                <![CDATA[Clinical Dashboard]]>
              </value>
            </param>
            <param index="2">
              <value>
                <![CDATA[Monthly Scorecard]]>
              </value>
            </param>
            <param index="3">
              <value>
                <![CDATA[Calendar Year]]>
              </value>
            </param>
            <param index="4">
              <value>
                <![CDATA[Y]]>
              </value>
            </param>
            <param index="5">
              <value>
                <![CDATA[Abdominal Aortic Aneurysm(AAA) Repair Mortality Rate (IQI 11)]]>
              </value>
            </param>
            <param index="6">
              <value>
                <![CDATA[N]]>
              </value>
            </param>
          </params>
          <exception class="java.lang.AssertionError">
            <message>
              <![CDATA[expected [Manage Dashboard] but found [Add/Edit Dashboard]]]>
            </message>
            <full-stacktrace>
              <![CDATA[java.lang.AssertionError: expected [Manage Dashboard] but found [Add/Edit Dashboard]
	at org.testng.Assert.fail(Assert.java:94)
	at org.testng.Assert.failNotEquals(Assert.java:513)
	at org.testng.Assert.assertEqualsImpl(Assert.java:135)
	at org.testng.Assert.assertEquals(Assert.java:116)
	at org.testng.Assert.assertEquals(Assert.java:190)
	at org.testng.Assert.assertEquals(Assert.java:200)
	at EncorDashboard.TestScripts.AddDashboard.AddDashboard(AddDashboard.java:71)
	at sun.reflect.NativeMethodAccessorImpl.invoke0(Native Method)
	at sun.reflect.NativeMethodAccessorImpl.invoke(NativeMethodAccessorImpl.java:62)
	at sun.reflect.DelegatingMethodAccessorImpl.invoke(DelegatingMethodAccessorImpl.java:43)
	at java.lang.reflect.Method.invoke(Method.java:498)
	at org.testng.internal.MethodInvocationHelper.invokeMethod(MethodInvocationHelper.java:86)
	at org.testng.internal.Invoker.invokeMethod(Invoker.java:643)
	at org.testng.internal.Invoker.invokeTestMethod(Invoker.java:820)
	at org.testng.internal.Invoker.invokeTestMethods(Invoker.java:1128)
	at org.testng.internal.TestMethodWorker.invokeTestMethods(TestMethodWorker.java:129)
	at org.testng.internal.TestMethodWorker.run(TestMethodWorker.java:112)
	at org.testng.TestRunner.privateRun(TestRunner.java:782)
	at org.testng.TestRunner.run(TestRunner.java:632)
	at org.testng.SuiteRunner.runTest(SuiteRunner.java:366)
	at org.testng.SuiteRunner.runSequentially(SuiteRunner.java:361)
	at org.testng.SuiteRunner.privateRun(SuiteRunner.java:319)
	at org.testng.SuiteRunner.run(SuiteRunner.java:268)
	at org.testng.SuiteRunnerWorker.runSuite(SuiteRunnerWorker.java:52)
	at org.testng.SuiteRunnerWorker.run(SuiteRunnerWorker.java:86)
	at org.testng.TestNG.runSuitesSequentially(TestNG.java:1244)
	at org.testng.TestNG.runSuitesLocally(TestNG.java:1169)
	at org.testng.TestNG.run(TestNG.java:1064)
	at org.apache.maven.surefire.testng.TestNGExecutor.run(TestNGExecutor.java:283)
	at org.apache.maven.surefire.testng.TestNGXmlTestSuite.execute(TestNGXmlTestSuite.java:75)
	at org.apache.maven.surefire.testng.TestNGProvider.invoke(TestNGProvider.java:120)
	at org.apache.maven.surefire.booter.ForkedBooter.invokeProviderInSameClassLoader(ForkedBooter.java:384)
	at org.apache.maven.surefire.booter.ForkedBooter.runSuitesInProcess(ForkedBooter.java:345)
	at org.apache.maven.surefire.booter.ForkedBooter.execute(ForkedBooter.java:126)
	at org.apache.maven.surefire.booter.ForkedBooter.main(ForkedBooter.java:418)
]]>
            </full-stacktrace>
          </exception> <!-- java.lang.AssertionError -->
          <reporter-output>
          </reporter-output>
        </test-method> <!-- AddDashboard -->
        <test-method status="PASS" signature="tearDown()[pri:0, instance:EncorDashboard.TestScripts.AddDashboard@59e84876]" name="tearDown" is-config="true" duration-ms="641" started-at="2019-03-24T21:19:30Z" finished-at="2019-03-24T21:19:30Z">
          <reporter-output>
          </reporter-output>
        </test-method> <!-- tearDown -->
      </class> <!-- EncorDashboard.TestScripts.AddDashboard -->
    </test> <!-- Test -->
  </suite> <!-- Suite -->
</testng-results>
